<?xml version="1.0" encoding="UTF-8"?>
<testsuite name="JUnit Platform Suite" tests="34" skipped="0" failures="0" errors="0" time="0.126" hostname="DESKTOP-KNI62B3" timestamp="2022-12-18T12:04:59">
<properties>
[...]
</properties>
<testcase name="with_only_4_only_1_and_4_test(int[], boolean)[3]" classname="MainTest" time="0">
<system-out><![CDATA[
unique-id: [engine:junit-platform-suite]/[suite:TestRunner]/[engine:junit-jupiter]/[class:MainTest]/[test-template:with_only_4_only_1_and_4_test(%5BI, boolean)]/[test-template-invocation:#3]
display-name: Result with parameters [4, 4, 4] should be false
]]></system-out>
</testcase>
<testcase name="with_only_4_only_1_and_4_test(int[], boolean)[2]" classname="MainTest" time="0">
<system-out><![CDATA[
unique-id: [engine:junit-platform-suite]/[suite:TestRunner]/[engine:junit-jupiter]/[class:MainTest]/[test-template:with_only_4_only_1_and_4_test(%5BI, boolean)]/[test-template-invocation:#2]
display-name: Result with parameters [4, 4, 4, 4, 4, 4, 4] should be false
]]></system-out>
</testcase>
<testcase name="with_only_4_only_1_and_4_test(int[], boolean)[1]" classname="MainTest" time="0.004">
<system-out><![CDATA[
unique-id: [engine:junit-platform-suite]/[suite:TestRunner]/[engine:junit-jupiter]/[class:MainTest]/[test-template:with_only_4_only_1_and_4_test(%5BI, boolean)]/[test-template-invocation:#1]
display-name: Result with parameters [4] should be false
]]></system-out>
</testcase>
<testcase name="with_only_1_only_1_and_4_test(int[], boolean)[3]" classname="MainTest" time="0">
<system-out><![CDATA[
unique-id: [engine:junit-platform-suite]/[suite:TestRunner]/[engine:junit-jupiter]/[class:MainTest]/[test-template:with_only_1_only_1_and_4_test(%5BI, boolean)]/[test-template-invocation:#3]
display-name: Result with parameters [1] should be false
]]></system-out>
</testcase>
<testcase name="with_only_1_only_1_and_4_test(int[], boolean)[2]" classname="MainTest" time="0.015">
<system-out><![CDATA[
unique-id: [engine:junit-platform-suite]/[suite:TestRunner]/[engine:junit-jupiter]/[class:MainTest]/[test-template:with_only_1_only_1_and_4_test(%5BI, boolean)]/[test-template-invocation:#2]
display-name: Result with parameters [1, 1, 1, 1, 1, 1, 1] should be false
]]></system-out>
</testcase>
<testcase name="reverse_add_direction_test(double, double, double)[1]" classname="SimpleMathLibraryTest" time="0">
<system-out><![CDATA[
unique-id: [engine:junit-platform-suite]/[suite:TestRunner]/[engine:junit-jupiter]/[class:SimpleMathLibraryTest]/[test-template:reverse_add_direction_test(double, double, double)]/[test-template-invocation:#1]
display-name: Test with parameters 5.0 and 2.0 should be 7.0
]]></system-out>
</testcase>
<testcase name="with_only_1_only_1_and_4_test(int[], boolean)[1]" classname="MainTest" time="0.015">
<system-out><![CDATA[
unique-id: [engine:junit-platform-suite]/[suite:TestRunner]/[engine:junit-jupiter]/[class:MainTest]/[test-template:with_only_1_only_1_and_4_test(%5BI, boolean)]/[test-template-invocation:#1]
display-name: Result with parameters [1, 1, 1, 1] should be false
]]></system-out>
</testcase>
<testcase name="with_less_than_zero_add_test(double, double, double)[2]" classname="SimpleMathLibraryTest" time="0">
<system-out><![CDATA[
unique-id: [engine:junit-platform-suite]/[suite:TestRunner]/[engine:junit-jupiter]/[class:SimpleMathLibraryTest]/[test-template:with_less_than_zero_add_test(double, double, double)]/[test-template-invocation:#2]
display-name: Test with parameters 8.1 and -124.5 should be -116.4
]]></system-out>
</testcase>
<testcase name="with_less_than_zero_add_test(double, double, double)[1]" classname="SimpleMathLibraryTest" time="0">
<system-out><![CDATA[
unique-id: [engine:junit-platform-suite]/[suite:TestRunner]/[engine:junit-jupiter]/[class:SimpleMathLibraryTest]/[test-template:with_less_than_zero_add_test(double, double, double)]/[test-template-invocation:#1]
display-name: Test with parameters -5.0 and 2.0 should be -3.0
]]></system-out>
</testcase>
<testcase name="when_4_is_last_get_all_elements_after_last_4_test(int[], int[])[2]" classname="MainTest" time="0">
<system-out><![CDATA[
unique-id: [engine:junit-platform-suite]/[suite:TestRunner]/[engine:junit-jupiter]/[class:MainTest]/[test-template:when_4_is_last_get_all_elements_after_last_4_test(%5BI, %5BI)]/[test-template-invocation:#2]
display-name: Result with parameters [22, 0, 0, 4, 0, 8, 4] should be []
]]></system-out>
</testcase>
<testcase name="reverse_add_direction_test(double, double, double)[2]" classname="SimpleMathLibraryTest" time="0">
<system-out><![CDATA[
unique-id: [engine:junit-platform-suite]/[suite:TestRunner]/[engine:junit-jupiter]/[class:SimpleMathLibraryTest]/[test-template:reverse_add_direction_test(double, double, double)]/[test-template-invocation:#2]
display-name: Test with parameters 8.1 and 124.5 should be 132.6
]]></system-out>
</testcase>
<testcase name="when_4_is_last_get_all_elements_after_last_4_test(int[], int[])[3]" classname="MainTest" time="0">
<system-out><![CDATA[
unique-id: [engine:junit-platform-suite]/[suite:TestRunner]/[engine:junit-jupiter]/[class:MainTest]/[test-template:when_4_is_last_get_all_elements_after_last_4_test(%5BI, %5BI)]/[test-template-invocation:#3]
display-name: Result with parameters [4, 0, 0, 7, 0, 4, 4] should be []
]]></system-out>
</testcase>
<testcase name="reverse_add_direction_test(double, double, double)[3]" classname="SimpleMathLibraryTest" time="0">
<system-out><![CDATA[
unique-id: [engine:junit-platform-suite]/[suite:TestRunner]/[engine:junit-jupiter]/[class:SimpleMathLibraryTest]/[test-template:reverse_add_direction_test(double, double, double)]/[test-template-invocation:#3]
display-name: Test with parameters 875.25 and 1002.0 should be 1877.25
]]></system-out>
</testcase>
<testcase name="when_4_is_last_get_all_elements_after_last_4_test(int[], int[])[1]" classname="MainTest" time="0">
<system-out><![CDATA[
unique-id: [engine:junit-platform-suite]/[suite:TestRunner]/[engine:junit-jupiter]/[class:MainTest]/[test-template:when_4_is_last_get_all_elements_after_last_4_test(%5BI, %5BI)]/[test-template-invocation:#1]
display-name: Result with parameters [4, 0, 0, 7, 0, 8, 4] should be []
]]></system-out>
</testcase>
<testcase name="typical_only_1_and_4_test(int[], boolean)[2]" classname="MainTest" time="0">
<system-out><![CDATA[
unique-id: [engine:junit-platform-suite]/[suite:TestRunner]/[engine:junit-jupiter]/[class:MainTest]/[test-template:typical_only_1_and_4_test(%5BI, boolean)]/[test-template-invocation:#2]
display-name: Result with parameters [1, 1, 1, 1, 4] should be true
]]></system-out>
</testcase>
<testcase name="typical_only_1_and_4_test(int[], boolean)[1]" classname="MainTest" time="0">
<system-out><![CDATA[
unique-id: [engine:junit-platform-suite]/[suite:TestRunner]/[engine:junit-jupiter]/[class:MainTest]/[test-template:typical_only_1_and_4_test(%5BI, boolean)]/[test-template-invocation:#1]
display-name: Result with parameters [1, 4, 4, 4, 4] should be true
]]></system-out>
</testcase>
<testcase name="typical_only_1_and_4_test(int[], boolean)[4]" classname="MainTest" time="0">
<system-out><![CDATA[
unique-id: [engine:junit-platform-suite]/[suite:TestRunner]/[engine:junit-jupiter]/[class:MainTest]/[test-template:typical_only_1_and_4_test(%5BI, boolean)]/[test-template-invocation:#4]
display-name: Result with parameters [4, 1, 4, 1, 4, 1] should be true
]]></system-out>
</testcase>
<testcase name="typical_only_1_and_4_test(int[], boolean)[3]" classname="MainTest" time="0">
<system-out><![CDATA[
unique-id: [engine:junit-platform-suite]/[suite:TestRunner]/[engine:junit-jupiter]/[class:MainTest]/[test-template:typical_only_1_and_4_test(%5BI, boolean)]/[test-template-invocation:#3]
display-name: Result with parameters [1, 1, 1, 4, 4] should be true
]]></system-out>
</testcase>
<testcase name="with_less_than_zero_add_test(double, double, double)[3]" classname="SimpleMathLibraryTest" time="0">
<system-out><![CDATA[
unique-id: [engine:junit-platform-suite]/[suite:TestRunner]/[engine:junit-jupiter]/[class:SimpleMathLibraryTest]/[test-template:with_less_than_zero_add_test(double, double, double)]/[test-template-invocation:#3]
display-name: Test with parameters -875.25 and 1002.0 should be 126.75
]]></system-out>
</testcase>
<testcase name="with_others_numbers_only_1_and_4_test(int[], boolean)[1]" classname="MainTest" time="0.015">
<system-out><![CDATA[
unique-id: [engine:junit-platform-suite]/[suite:TestRunner]/[engine:junit-jupiter]/[class:MainTest]/[test-template:with_others_numbers_only_1_and_4_test(%5BI, boolean)]/[test-template-invocation:#1]
display-name: Result with parameters [4, 1, 1, 1, 4, 2, 1, 4] should be false
]]></system-out>
</testcase>
<testcase name="typical_add_test(double, double, double)[2]" classname="SimpleMathLibraryTest" time="0">
<system-out><![CDATA[
unique-id: [engine:junit-platform-suite]/[suite:TestRunner]/[engine:junit-jupiter]/[class:SimpleMathLibraryTest]/[test-template:typical_add_test(double, double, double)]/[test-template-invocation:#2]
display-name: Test with parameters 124.5 and 8.1 should be 132.6
]]></system-out>
</testcase>
<testcase name="minuend_great_than_subtrahend_minus_test(double, double, double)[3]" classname="SimpleMathLibraryTest" time="0">
<system-out><![CDATA[
unique-id: [engine:junit-platform-suite]/[suite:TestRunner]/[engine:junit-jupiter]/[class:SimpleMathLibraryTest]/[test-template:minuend_great_than_subtrahend_minus_test(double, double, double)]/[test-template-invocation:#3]
display-name: Test with parameters 12.5 and 25.0 should be -12.5
]]></system-out>
</testcase>
<testcase name="typical_add_test(double, double, double)[3]" classname="SimpleMathLibraryTest" time="0">
<system-out><![CDATA[
unique-id: [engine:junit-platform-suite]/[suite:TestRunner]/[engine:junit-jupiter]/[class:SimpleMathLibraryTest]/[test-template:typical_add_test(double, double, double)]/[test-template-invocation:#3]
display-name: Test with parameters 1002.0 and 875.25 should be 1877.25
]]></system-out>
</testcase>
<testcase name="minuend_great_than_subtrahend_minus_test(double, double, double)[2]" classname="SimpleMathLibraryTest" time="0">
<system-out><![CDATA[
unique-id: [engine:junit-platform-suite]/[suite:TestRunner]/[engine:junit-jupiter]/[class:SimpleMathLibraryTest]/[test-template:minuend_great_than_subtrahend_minus_test(double, double, double)]/[test-template-invocation:#2]
display-name: Test with parameters 0.0 and 12.9 should be -12.9
]]></system-out>
</testcase>
<testcase name="with_others_numbers_only_1_and_4_test(int[], boolean)[3]" classname="MainTest" time="0">
<system-out><![CDATA[
unique-id: [engine:junit-platform-suite]/[suite:TestRunner]/[engine:junit-jupiter]/[class:MainTest]/[test-template:with_others_numbers_only_1_and_4_test(%5BI, boolean)]/[test-template-invocation:#3]
display-name: Result with parameters [-365] should be false
]]></system-out>
</testcase>
<testcase name="with_others_numbers_only_1_and_4_test(int[], boolean)[2]" classname="MainTest" time="0">
<system-out><![CDATA[
unique-id: [engine:junit-platform-suite]/[suite:TestRunner]/[engine:junit-jupiter]/[class:MainTest]/[test-template:with_others_numbers_only_1_and_4_test(%5BI, boolean)]/[test-template-invocation:#2]
display-name: Result with parameters [4, 1, 55, 1, 4] should be false
]]></system-out>
</testcase>
<testcase name="typical_add_test(double, double, double)[1]" classname="SimpleMathLibraryTest" time="0">
<system-out><![CDATA[
unique-id: [engine:junit-platform-suite]/[suite:TestRunner]/[engine:junit-jupiter]/[class:SimpleMathLibraryTest]/[test-template:typical_add_test(double, double, double)]/[test-template-invocation:#1]
display-name: Test with parameters 2.0 and 5.0 should be 7.0
]]></system-out>
</testcase>
<testcase name="typical_get_all_elements_after_last_4_test(int[], int[])[2]" classname="MainTest" time="0">
<system-out><![CDATA[
unique-id: [engine:junit-platform-suite]/[suite:TestRunner]/[engine:junit-jupiter]/[class:MainTest]/[test-template:typical_get_all_elements_after_last_4_test(%5BI, %5BI)]/[test-template-invocation:#2]
display-name: Result with parameters [22, 0, 0, 4, 0, 8, 5] should be [0, 8, 5]
]]></system-out>
</testcase>
<testcase name="typical_get_all_elements_after_last_4_test(int[], int[])[1]" classname="MainTest" time="0">
<system-out><![CDATA[
unique-id: [engine:junit-platform-suite]/[suite:TestRunner]/[engine:junit-jupiter]/[class:MainTest]/[test-template:typical_get_all_elements_after_last_4_test(%5BI, %5BI)]/[test-template-invocation:#1]
display-name: Result with parameters [4, 0, 0, 7, 0, 8, 5] should be [0, 0, 7, 0, 8, 5]
]]></system-out>
</testcase>
<testcase name="typical_get_all_elements_after_last_4_test(int[], int[])[3]" classname="MainTest" time="0">
<system-out><![CDATA[
unique-id: [engine:junit-platform-suite]/[suite:TestRunner]/[engine:junit-jupiter]/[class:MainTest]/[test-template:typical_get_all_elements_after_last_4_test(%5BI, %5BI)]/[test-template-invocation:#3]
display-name: Result with parameters [4, 0, 0, 7, 0, 4, 5] should be [5]
]]></system-out>
</testcase>
<testcase name="minuend_great_than_subtrahend_minus_test(double, double, double)[1]" classname="SimpleMathLibraryTest" time="0">
<system-out><![CDATA[
unique-id: [engine:junit-platform-suite]/[suite:TestRunner]/[engine:junit-jupiter]/[class:SimpleMathLibraryTest]/[test-template:minuend_great_than_subtrahend_minus_test(double, double, double)]/[test-template-invocation:#1]
display-name: Test with parameters 0.0 and 5.0 should be -5.0
]]></system-out>
</testcase>
<testcase name="typical_minus_test(double, double, double)[1]" classname="SimpleMathLibraryTest" time="0">
<system-out><![CDATA[
unique-id: [engine:junit-platform-suite]/[suite:TestRunner]/[engine:junit-jupiter]/[class:SimpleMathLibraryTest]/[test-template:typical_minus_test(double, double, double)]/[test-template-invocation:#1]
display-name: Test with parameters 5.0 and 2.0 should be 3.0
]]></system-out>
</testcase>
<testcase name="typical_minus_test(double, double, double)[2]" classname="SimpleMathLibraryTest" time="0">
<system-out><![CDATA[
unique-id: [engine:junit-platform-suite]/[suite:TestRunner]/[engine:junit-jupiter]/[class:SimpleMathLibraryTest]/[test-template:typical_minus_test(double, double, double)]/[test-template-invocation:#2]
display-name: Test with parameters 124.5 and 124.5 should be 0.0
]]></system-out>
</testcase>
<testcase name="typical_minus_test(double, double, double)[3]" classname="SimpleMathLibraryTest" time="0">
<system-out><![CDATA[
unique-id: [engine:junit-platform-suite]/[suite:TestRunner]/[engine:junit-jupiter]/[class:SimpleMathLibraryTest]/[test-template:typical_minus_test(double, double, double)]/[test-template-invocation:#3]
display-name: Test with parameters 1002.0 and 875.25 should be 126.75
]]></system-out>
</testcase>
<system-out><![CDATA[
unique-id: [engine:junit-platform-suite]
display-name: JUnit Platform Suite
]]></system-out>
</testsuite>
